Using pre-set license
Built from '2020.3/staging' branch; Version is '2020.3.13f1 (71691879b7f5) revision 7432472'; Using compiler version '192528614'; Build Type 'Release'
OS: 'Windows 10 Home; OS build 19043.1706; Version 2009; 64bit' Language: 'zh' Physical Memory: 8038 MB
BatchMode: 1, IsHumanControllingUs: 0, StartBugReporterOnCrash: 0, Is64bit: 1, IsPro: 0

 COMMAND LINE ARGUMENTS:
D:\Program Files\Unity\2020.3.13f1\Editor\Unity.exe
-adb2
-batchMode
-noUpm
-name
AssetImportWorker0
-projectPath
D:/Unity/holo EN fight
-logFile
Logs/AssetImportWorker0.log
-srvPort
2889
Successfully changed project path to: D:/Unity/holo EN fight
D:/Unity/holo EN fight
Using Asset Import Pipeline V2.
Refreshing native plugins compatible for Editor in 39.70 ms, found 3 plugins.
Preloading 0 native plugins for Editor in 0.00 ms.
Initialize engine version: 2020.3.13f1 (71691879b7f5)
[Subsystems] Discovering subsystems at path D:/Program Files/Unity/2020.3.13f1/Editor/Data/Resources/UnitySubsystems
[Subsystems] Discovering subsystems at path D:/Unity/holo EN fight/Assets
GfxDevice: creating device client; threaded=0
Direct3D:
    Version:  Direct3D 11.0 [level 11.1]
    Renderer: NVIDIA GeForce GTX 1050 (ID=0x1c8d)
    Vendor:   
    VRAM:     4021 MB
    Driver:   27.21.14.6259
Initialize mono
Mono path[0] = 'D:/Program Files/Unity/2020.3.13f1/Editor/Data/Managed'
Mono path[1] = 'D:/Program Files/Unity/2020.3.13f1/Editor/Data/MonoBleedingEdge/lib/mono/unityjit'
Mono config path = 'D:/Program Files/Unity/2020.3.13f1/Editor/Data/MonoBleedingEdge/etc'
Using monoOptions --debugger-agent=transport=dt_socket,embedding=1,server=y,suspend=n,address=127.0.0.1:56388
Begin MonoManager ReloadAssembly
Registering precompiled unity dll's ...
Register platform support module: D:/Program Files/Unity/2020.3.13f1/Editor/Data/PlaybackEngines/WebGLSupport/UnityEditor.WebGL.Extensions.dll
Register platform support module: D:/Program Files/Unity/2020.3.13f1/Editor/Data/PlaybackEngines/WindowsStandaloneSupport/UnityEditor.WindowsStandalone.Extensions.dll
Registered in 0.001240 seconds.
Native extension for WindowsStandalone target not found
Native extension for WebGL target not found
Refreshing native plugins compatible for Editor in 39.12 ms, found 3 plugins.
Preloading 0 native plugins for Editor in 0.00 ms.
Mono: successfully reloaded assembly
- Completed reload, in  1.452 seconds
Platform modules already initialized, skipping
Registering precompiled user dll's ...
Registered in 0.002774 seconds.
Begin MonoManager ReloadAssembly
Native extension for WindowsStandalone target not found
Native extension for WebGL target not found
Refreshing native plugins compatible for Editor in 47.83 ms, found 3 plugins.
Preloading 0 native plugins for Editor in 0.00 ms.
Mono: successfully reloaded assembly
- Completed reload, in  1.654 seconds
Platform modules already initialized, skipping
========================================================================
Worker process is ready to serve import requests
Launched and connected shader compiler UnityShaderCompiler.exe after 0.06 seconds
Refreshing native plugins compatible for Editor in 0.87 ms, found 3 plugins.
Preloading 0 native plugins for Editor in 0.00 ms.
Unloading 2098 Unused Serialized files (Serialized files now loaded: 0)
System memory in use before: 93.6 MB.
System memory in use after: 93.6 MB.

Unloading 32 unused Assets to reduce memory usage. Loaded Objects now: 2537.
Total: 3.248600 ms (FindLiveObjects: 0.511700 ms CreateObjectMapping: 0.168400 ms MarkObjects: 2.383500 ms  DeleteObjects: 0.180400 ms)

AssetImportParameters requested are different than current active one (requested -> active):
  custom:framework-win-MediaFoundation: 216162199b28c13a410421893ffa2e32 -> 
  custom:video-decoder-ogg-theora: a1e56fd34408186e4bbccfd4996cb3dc -> 
  custom:container-muxer-webm: aa71ff27fc2769a1b78a27578f13a17b -> 
  custom:container-demuxer-webm: 4f35f7cbe854078d1ac9338744f61a02 -> 
  custom:container-demuxer-ogg: 62fdf1f143b41e24485cea50d1cbac27 -> 
  custom:video-encoder-webm-vp8: eb34c28f22e8b96e1ab97ce403110664 -> 
  custom:video-decoder-webm-vp8: 9c59270c3fd7afecdb556c50c9e8de78 -> 
  custom:audio-decoder-ogg-vorbis: bf7c407c2cedff20999df2af8eb42d56 -> 
  custom:audio-encoder-webm-vorbis: bf7c407c2cedff20999df2af8eb42d56 -> 
========================================================================
Received Import Request.
  path: Assets/Script/PlayerController.cs
  artifactKey: Guid(abf33ad4c374c4b4992dfa5bcefaf589) Importer(815301076,1909f56bfc062723c751e8b465ee728b)
Start importing Assets/Script/PlayerController.cs using Guid(abf33ad4c374c4b4992dfa5bcefaf589) Importer(815301076,1909f56bfc062723c751e8b465ee728b)  -> (artifact id: 'c156c2ae4e41060eaee6d6744ca58ee3') in 0.135399 seconds 
  Import took 0.163569 seconds .

========================================================================
Received Import Request.
  Time since last request: 4.487942 seconds.
  path: Assets/Script/GameDataManager.cs
  artifactKey: Guid(5d78df89451c62d4f80ce90a0100066f) Importer(815301076,1909f56bfc062723c751e8b465ee728b)
Start importing Assets/Script/GameDataManager.cs using Guid(5d78df89451c62d4f80ce90a0100066f) Importer(815301076,1909f56bfc062723c751e8b465ee728b)  -> (artifact id: '3b8a44ec45694d669b035c58d344c7ef') in 0.103537 seconds 
  Import took 0.120381 seconds .

========================================================================
Received Prepare
Registering precompiled user dll's ...
Registered in 0.002799 seconds.
Begin MonoManager ReloadAssembly
Native extension for WindowsStandalone target not found
Native extension for WebGL target not found
Refreshing native plugins compatible for Editor in 0.45 ms, found 3 plugins.
Preloading 0 native plugins for Editor in 0.00 ms.
Mono: successfully reloaded assembly
- Completed reload, in  0.904 seconds
Platform modules already initialized, skipping
Refreshing native plugins compatible for Editor in 0.45 ms, found 3 plugins.
Preloading 0 native plugins for Editor in 0.00 ms.
Unloading 2093 Unused Serialized files (Serialized files now loaded: 0)
System memory in use before: 93.6 MB.
System memory in use after: 93.6 MB.

Unloading 21 unused Assets to reduce memory usage. Loaded Objects now: 2541.
Total: 2.167100 ms (FindLiveObjects: 0.163700 ms CreateObjectMapping: 0.063500 ms MarkObjects: 1.851700 ms  DeleteObjects: 0.087300 ms)

AssetImportParameters requested are different than current active one (requested -> active):
  custom:framework-win-MediaFoundation: 216162199b28c13a410421893ffa2e32 -> 
  custom:video-decoder-ogg-theora: a1e56fd34408186e4bbccfd4996cb3dc -> 
  custom:container-muxer-webm: aa71ff27fc2769a1b78a27578f13a17b -> 
  custom:container-demuxer-webm: 4f35f7cbe854078d1ac9338744f61a02 -> 
  custom:container-demuxer-ogg: 62fdf1f143b41e24485cea50d1cbac27 -> 
  custom:video-encoder-webm-vp8: eb34c28f22e8b96e1ab97ce403110664 -> 
  custom:video-decoder-webm-vp8: 9c59270c3fd7afecdb556c50c9e8de78 -> 
  custom:audio-decoder-ogg-vorbis: bf7c407c2cedff20999df2af8eb42d56 -> 
  custom:audio-encoder-webm-vorbis: bf7c407c2cedff20999df2af8eb42d56 -> 
========================================================================
Received Import Request.
  Time since last request: 126.641912 seconds.
  path: Assets/Prefeb/enemy/calliope_run.prefab
  artifactKey: Guid(ca1052bd746cdb946913ce8558d98be6) Importer(815301076,1909f56bfc062723c751e8b465ee728b)
Start importing Assets/Prefeb/enemy/calliope_run.prefab using Guid(ca1052bd746cdb946913ce8558d98be6) Importer(815301076,1909f56bfc062723c751e8b465ee728b)  -> (artifact id: '5c05923222e7befae48d01172633f02b') in 0.881453 seconds 
  Import took 0.905085 seconds .

========================================================================
Received Import Request.
  Time since last request: 0.000276 seconds.
  path: Assets/Prefeb/enemy/kiara_run.prefab
  artifactKey: Guid(61ada32f6254713498a6794d6a5c1406) Importer(815301076,1909f56bfc062723c751e8b465ee728b)
Start importing Assets/Prefeb/enemy/kiara_run.prefab using Guid(61ada32f6254713498a6794d6a5c1406) Importer(815301076,1909f56bfc062723c751e8b465ee728b)  -> (artifact id: 'e13ef769cb4478bcdb9e62236c29278b') in 0.014813 seconds 
  Import took 0.043805 seconds .

========================================================================
Received Import Request.
  Time since last request: 0.000287 seconds.
  path: Assets/Prefeb/enemy/gura_run.prefab
  artifactKey: Guid(7a1799dcf037dc94b910d5d8407f8962) Importer(815301076,1909f56bfc062723c751e8b465ee728b)
Start importing Assets/Prefeb/enemy/gura_run.prefab using Guid(7a1799dcf037dc94b910d5d8407f8962) Importer(815301076,1909f56bfc062723c751e8b465ee728b)  -> (artifact id: '0ed961d5e8e98522815c93131ce775a1') in 0.043003 seconds 
  Import took 0.061986 seconds .

========================================================================
Received Import Request.
  Time since last request: 0.000302 seconds.
  path: Assets/Prefeb/enemy/ina_run.prefab
  artifactKey: Guid(2edceede34871d540bf0a0f4bf76d2ac) Importer(815301076,1909f56bfc062723c751e8b465ee728b)
Start importing Assets/Prefeb/enemy/ina_run.prefab using Guid(2edceede34871d540bf0a0f4bf76d2ac) Importer(815301076,1909f56bfc062723c751e8b465ee728b)  -> (artifact id: 'a018f866dfe328aa3a1c2e3c93f473ae') in 0.016029 seconds 
  Import took 0.037041 seconds .

========================================================================
Received Import Request.
  Time since last request: 0.000283 seconds.
  path: Assets/Prefeb/enemy/gura_sing.prefab
  artifactKey: Guid(726d99ea5d98a984e86cfef8801556ed) Importer(815301076,1909f56bfc062723c751e8b465ee728b)
Start importing Assets/Prefeb/enemy/gura_sing.prefab using Guid(726d99ea5d98a984e86cfef8801556ed) Importer(815301076,1909f56bfc062723c751e8b465ee728b)  -> (artifact id: 'b4d509ad3d56f08fc43dda21d3d1ea9b') in 0.025500 seconds 
  Import took 0.050386 seconds .

========================================================================
Received Import Request.
  Time since last request: 0.000375 seconds.
  path: Assets/Prefeb/enemy/ina_run.prefab
  artifactKey: Guid(2edceede34871d540bf0a0f4bf76d2ac) Importer(815301076,1909f56bfc062723c751e8b465ee728b)
Start importing Assets/Prefeb/enemy/ina_run.prefab using Guid(2edceede34871d540bf0a0f4bf76d2ac) Importer(815301076,1909f56bfc062723c751e8b465ee728b)  -> (artifact id: 'a018f866dfe328aa3a1c2e3c93f473ae') in 0.010096 seconds 
  Import took 0.047079 seconds .

========================================================================
Received Import Request.
  Time since last request: 52.709027 seconds.
  path: Assets/Script/CreateEnemy.cs
  artifactKey: Guid(ae9a95a238315de48bd9b94ccb4e1495) Importer(815301076,1909f56bfc062723c751e8b465ee728b)
Start importing Assets/Script/CreateEnemy.cs using Guid(ae9a95a238315de48bd9b94ccb4e1495) Importer(815301076,1909f56bfc062723c751e8b465ee728b)  -> (artifact id: '88cda6a8ba5fca843962d0cd09637bab') in 0.028020 seconds 
  Import took 0.058992 seconds .

========================================================================
Received Import Request.
  Time since last request: 392.785167 seconds.
  path: Assets/anime/Ame.controller
  artifactKey: Guid(5de38291758b57248bd5f508bc0a83b2) Importer(815301076,1909f56bfc062723c751e8b465ee728b)
Start importing Assets/anime/Ame.controller using Guid(5de38291758b57248bd5f508bc0a83b2) Importer(815301076,1909f56bfc062723c751e8b465ee728b)  -> (artifact id: '4fafa8720d665b83eb806944e349617b') in 0.009313 seconds 
  Import took 0.106033 seconds .

========================================================================
Received Import Request.
  Time since last request: 80.452470 seconds.
  path: Assets/anime/Ame_sprint.anim
  artifactKey: Guid(f1a81cbb1ce21934c8937b9682abf6c3) Importer(815301076,1909f56bfc062723c751e8b465ee728b)
Start importing Assets/anime/Ame_sprint.anim using Guid(f1a81cbb1ce21934c8937b9682abf6c3) Importer(815301076,1909f56bfc062723c751e8b465ee728b)  -> (artifact id: '0c64fdd3e99af985aa025f55519c1b11') in 0.017761 seconds 
  Import took 0.065757 seconds .

========================================================================
Received Prepare
Registering precompiled user dll's ...
Registered in 0.002535 seconds.
Begin MonoManager ReloadAssembly
Native extension for WindowsStandalone target not found
Native extension for WebGL target not found
Refreshing native plugins compatible for Editor in 0.45 ms, found 3 plugins.
Preloading 0 native plugins for Editor in 0.00 ms.
Mono: successfully reloaded assembly
- Completed reload, in  0.862 seconds
Platform modules already initialized, skipping
Refreshing native plugins compatible for Editor in 0.47 ms, found 3 plugins.
Preloading 0 native plugins for Editor in 0.00 ms.
Unloading 2093 Unused Serialized files (Serialized files now loaded: 0)
System memory in use before: 96.7 MB.
System memory in use after: 96.6 MB.

Unloading 21 unused Assets to reduce memory usage. Loaded Objects now: 2552.
Total: 2.126100 ms (FindLiveObjects: 0.157900 ms CreateObjectMapping: 0.060900 ms MarkObjects: 1.761800 ms  DeleteObjects: 0.144600 ms)

AssetImportParameters requested are different than current active one (requested -> active):
  custom:framework-win-MediaFoundation: 216162199b28c13a410421893ffa2e32 -> 
  custom:video-decoder-ogg-theora: a1e56fd34408186e4bbccfd4996cb3dc -> 
  custom:container-muxer-webm: aa71ff27fc2769a1b78a27578f13a17b -> 
  custom:container-demuxer-webm: 4f35f7cbe854078d1ac9338744f61a02 -> 
  custom:container-demuxer-ogg: 62fdf1f143b41e24485cea50d1cbac27 -> 
  custom:video-encoder-webm-vp8: eb34c28f22e8b96e1ab97ce403110664 -> 
  custom:video-decoder-webm-vp8: 9c59270c3fd7afecdb556c50c9e8de78 -> 
  custom:audio-decoder-ogg-vorbis: bf7c407c2cedff20999df2af8eb42d56 -> 
  custom:audio-encoder-webm-vorbis: bf7c407c2cedff20999df2af8eb42d56 -> 
========================================================================
Received Prepare
Registering precompiled user dll's ...
Registered in 0.002706 seconds.
Begin MonoManager ReloadAssembly
Native extension for WindowsStandalone target not found
Native extension for WebGL target not found
Refreshing native plugins compatible for Editor in 0.43 ms, found 3 plugins.
Preloading 0 native plugins for Editor in 0.00 ms.
Mono: successfully reloaded assembly
- Completed reload, in  0.876 seconds
Platform modules already initialized, skipping
Refreshing native plugins compatible for Editor in 0.46 ms, found 3 plugins.
Preloading 0 native plugins for Editor in 0.00 ms.
Unloading 2093 Unused Serialized files (Serialized files now loaded: 0)
System memory in use before: 96.7 MB.
System memory in use after: 96.7 MB.

Unloading 21 unused Assets to reduce memory usage. Loaded Objects now: 2556.
Total: 2.505800 ms (FindLiveObjects: 0.197800 ms CreateObjectMapping: 0.069800 ms MarkObjects: 2.098800 ms  DeleteObjects: 0.138400 ms)

AssetImportParameters requested are different than current active one (requested -> active):
  custom:framework-win-MediaFoundation: 216162199b28c13a410421893ffa2e32 -> 
  custom:video-decoder-ogg-theora: a1e56fd34408186e4bbccfd4996cb3dc -> 
  custom:container-muxer-webm: aa71ff27fc2769a1b78a27578f13a17b -> 
  custom:container-demuxer-webm: 4f35f7cbe854078d1ac9338744f61a02 -> 
  custom:container-demuxer-ogg: 62fdf1f143b41e24485cea50d1cbac27 -> 
  custom:video-encoder-webm-vp8: eb34c28f22e8b96e1ab97ce403110664 -> 
  custom:video-decoder-webm-vp8: 9c59270c3fd7afecdb556c50c9e8de78 -> 
  custom:audio-decoder-ogg-vorbis: bf7c407c2cedff20999df2af8eb42d56 -> 
  custom:audio-encoder-webm-vorbis: bf7c407c2cedff20999df2af8eb42d56 -> 
========================================================================
Received Import Request.
  Time since last request: 317.167675 seconds.
  path: Assets/anime/Ame.controller
  artifactKey: Guid(5de38291758b57248bd5f508bc0a83b2) Importer(815301076,1909f56bfc062723c751e8b465ee728b)
Start importing Assets/anime/Ame.controller using Guid(5de38291758b57248bd5f508bc0a83b2) Importer(815301076,1909f56bfc062723c751e8b465ee728b)  -> (artifact id: '0d1fe64ef92d255b931e47e5ccbe3a4f') in 0.028081 seconds 
  Import took 0.352185 seconds .

========================================================================
Received Prepare
Registering precompiled user dll's ...
Registered in 0.002647 seconds.
Begin MonoManager ReloadAssembly
Native extension for WindowsStandalone target not found
Native extension for WebGL target not found
Refreshing native plugins compatible for Editor in 0.45 ms, found 3 plugins.
Preloading 0 native plugins for Editor in 0.00 ms.
Mono: successfully reloaded assembly
- Completed reload, in  0.869 seconds
Platform modules already initialized, skipping
Refreshing native plugins compatible for Editor in 0.45 ms, found 3 plugins.
Preloading 0 native plugins for Editor in 0.00 ms.
Unloading 2093 Unused Serialized files (Serialized files now loaded: 0)
System memory in use before: 96.7 MB.
System memory in use after: 96.7 MB.

Unloading 21 unused Assets to reduce memory usage. Loaded Objects now: 2560.
Total: 2.306600 ms (FindLiveObjects: 0.160400 ms CreateObjectMapping: 0.062000 ms MarkObjects: 1.993000 ms  DeleteObjects: 0.090200 ms)

AssetImportParameters requested are different than current active one (requested -> active):
  custom:framework-win-MediaFoundation: 216162199b28c13a410421893ffa2e32 -> 
  custom:video-decoder-ogg-theora: a1e56fd34408186e4bbccfd4996cb3dc -> 
  custom:container-muxer-webm: aa71ff27fc2769a1b78a27578f13a17b -> 
  custom:container-demuxer-webm: 4f35f7cbe854078d1ac9338744f61a02 -> 
  custom:container-demuxer-ogg: 62fdf1f143b41e24485cea50d1cbac27 -> 
  custom:video-encoder-webm-vp8: eb34c28f22e8b96e1ab97ce403110664 -> 
  custom:video-decoder-webm-vp8: 9c59270c3fd7afecdb556c50c9e8de78 -> 
  custom:audio-decoder-ogg-vorbis: bf7c407c2cedff20999df2af8eb42d56 -> 
  custom:audio-encoder-webm-vorbis: bf7c407c2cedff20999df2af8eb42d56 -> 
========================================================================
Received Prepare
Registering precompiled user dll's ...
Registered in 0.002664 seconds.
Begin MonoManager ReloadAssembly
Native extension for WindowsStandalone target not found
Native extension for WebGL target not found
Refreshing native plugins compatible for Editor in 0.46 ms, found 3 plugins.
Preloading 0 native plugins for Editor in 0.00 ms.
Mono: successfully reloaded assembly
- Completed reload, in  0.874 seconds
Platform modules already initialized, skipping
Refreshing native plugins compatible for Editor in 0.45 ms, found 3 plugins.
Preloading 0 native plugins for Editor in 0.00 ms.
Unloading 2093 Unused Serialized files (Serialized files now loaded: 0)
System memory in use before: 96.7 MB.
System memory in use after: 96.7 MB.

Unloading 21 unused Assets to reduce memory usage. Loaded Objects now: 2564.
Total: 4.994000 ms (FindLiveObjects: 0.165200 ms CreateObjectMapping: 0.064600 ms MarkObjects: 4.509800 ms  DeleteObjects: 0.252700 ms)

AssetImportParameters requested are different than current active one (requested -> active):
  custom:framework-win-MediaFoundation: 216162199b28c13a410421893ffa2e32 -> 
  custom:video-decoder-ogg-theora: a1e56fd34408186e4bbccfd4996cb3dc -> 
  custom:container-muxer-webm: aa71ff27fc2769a1b78a27578f13a17b -> 
  custom:container-demuxer-webm: 4f35f7cbe854078d1ac9338744f61a02 -> 
  custom:container-demuxer-ogg: 62fdf1f143b41e24485cea50d1cbac27 -> 
  custom:video-encoder-webm-vp8: eb34c28f22e8b96e1ab97ce403110664 -> 
  custom:video-decoder-webm-vp8: 9c59270c3fd7afecdb556c50c9e8de78 -> 
  custom:audio-decoder-ogg-vorbis: bf7c407c2cedff20999df2af8eb42d56 -> 
  custom:audio-encoder-webm-vorbis: bf7c407c2cedff20999df2af8eb42d56 -> 
========================================================================
Received Import Request.
  Time since last request: 277.247551 seconds.
  path: Assets/UI
  artifactKey: Guid(f00110b7841c35a4ca35a0822e08a17a) Importer(815301076,1909f56bfc062723c751e8b465ee728b)
Start importing Assets/UI using Guid(f00110b7841c35a4ca35a0822e08a17a) Importer(815301076,1909f56bfc062723c751e8b465ee728b)  -> (artifact id: '464832df56387583da9aad77089259d2') in 0.010835 seconds 
  Import took 0.020402 seconds .

========================================================================
Received Import Request.
  Time since last request: 162.151483 seconds.
  path: Assets/Font
  artifactKey: Guid(ea766014737164e42a6064dfecc9bcfc) Importer(815301076,1909f56bfc062723c751e8b465ee728b)
Start importing Assets/Font using Guid(ea766014737164e42a6064dfecc9bcfc) Importer(815301076,1909f56bfc062723c751e8b465ee728b)  -> (artifact id: '640486343dd0ed87b9e5b7d767ab2414') in 0.004812 seconds 
  Import took 0.017471 seconds .

========================================================================
Received Import Request.
  Time since last request: 7.856617 seconds.
  path: Assets/Font/kenvector_future.ttf
  artifactKey: Guid(882ef4a213be9c546991e2ca6fc7f21c) Importer(815301076,1909f56bfc062723c751e8b465ee728b)
Start importing Assets/Font/kenvector_future.ttf using Guid(882ef4a213be9c546991e2ca6fc7f21c) Importer(815301076,1909f56bfc062723c751e8b465ee728b)  -> (artifact id: '4d134a2c527596110eefeb0c87e01ca7') in 0.288904 seconds 
  Import took 0.293104 seconds .

========================================================================
Received Import Request.
  Time since last request: 18.320048 seconds.
  path: Assets/Font/Bobila.ttf
  artifactKey: Guid(379723a3c0d39d54aa5b5b7de79b7926) Importer(815301076,1909f56bfc062723c751e8b465ee728b)
Start importing Assets/Font/Bobila.ttf using Guid(379723a3c0d39d54aa5b5b7de79b7926) Importer(815301076,1909f56bfc062723c751e8b465ee728b)  -> (artifact id: '642ffcac80b429fc6e6b40f89cb2c422') in 0.019105 seconds 
  Import took 0.022944 seconds .

========================================================================
Received Import Request.
  Time since last request: 0.004739 seconds.
  path: Assets/Font/Bobila.ttf
  artifactKey: Guid(379723a3c0d39d54aa5b5b7de79b7926) Importer(815301076,1909f56bfc062723c751e8b465ee728b)
Start importing Assets/Font/Bobila.ttf using Guid(379723a3c0d39d54aa5b5b7de79b7926) Importer(815301076,1909f56bfc062723c751e8b465ee728b)  -> (artifact id: '642ffcac80b429fc6e6b40f89cb2c422') in 0.007313 seconds 
  Import took 0.011516 seconds .

========================================================================
Received Import Request.
  Time since last request: 70.615506 seconds.
  path: Assets/Font/SETOFONT.TTF
  artifactKey: Guid(e706865f1411e1541b386d00c8b84875) Importer(815301076,1909f56bfc062723c751e8b465ee728b)
Start importing Assets/Font/SETOFONT.TTF using Guid(e706865f1411e1541b386d00c8b84875) Importer(815301076,1909f56bfc062723c751e8b465ee728b)  -> (artifact id: 'bdc53f68c528d38d1ca83f062702aa09') in 0.034507 seconds 
  Import took 0.062394 seconds .

========================================================================
Received Import Request.
  Time since last request: 63.061265 seconds.
  path: Assets/Font/HANYISENTYLOTUS.TTF
  artifactKey: Guid(89ba3fef7cbc07143bd07cdef81738ad) Importer(815301076,1909f56bfc062723c751e8b465ee728b)
Start importing Assets/Font/HANYISENTYLOTUS.TTF using Guid(89ba3fef7cbc07143bd07cdef81738ad) Importer(815301076,1909f56bfc062723c751e8b465ee728b)  -> (artifact id: '453ce0bcf3738f6b8bfc79ca56c224b1') in 0.042436 seconds 
  Import took 0.052410 seconds .

AssetImportWorkerClient::OnTransportError - code=2 error=End of file
